2023-10-11 14:30:20,971 - general_logger - INFO - Ajout d'une nouvelle tâche : Faire les courses
2023-10-11 14:30:20,986 - general_logger - INFO - Affichage d'une liste de tâches.
2023-10-11 14:30:20,999 - general_logger - INFO - Complétion d'une tâche : Faire les courses
2023-10-11 14:30:21,025 - general_logger - INFO - Affichage d'une liste de tâches.
2023-10-11 14:30:21,040 - general_logger - INFO - Suppression d'une tâche : Faire les courses
2023-10-11 14:30:21,052 - general_logger - INFO - Affichage d'une liste de tâches.
2023-10-22 14:21:24,869 - general_logger - INFO - Connexion à la base de données réussie.
2023-10-22 14:21:24,879 - general_logger - INFO - Ajout d'une nouvelle tâche : Manger des pâtes
2023-10-22 14:21:24,916 - general_logger - INFO - Affichage d'une liste de tâches non terminées.
2023-10-22 14:21:24,936 - general_logger - INFO - Complétion d'une tâche : Manger des pâtes
2023-10-22 14:21:24,956 - general_logger - INFO - Update de la tâche Manger des pâtes avec nouvelle description carbonara en fait e
2023-10-22 14:21:24,971 - general_logger - INFO - Affichage d'une liste de tâches complétées.
2023-10-22 14:21:24,984 - general_logger - INFO - Suppression d'une tâche : Manger des pâtes
2023-10-22 14:21:24,998 - general_logger - INFO - Affichage d'une liste de tâches.
2023-10-22 14:21:25,011 - general_logger - INFO - Tentative d'ajout d'une tâche existante : Bonjour liste 2
2023-10-22 14:21:25,011 - general_logger - INFO - Affichage d'une liste de tâches.
2023-10-22 14:33:26,573 - general_logger - INFO - Connexion à la base de données réussie.
2023-10-22 14:35:26,778 - general_logger - INFO - Connexion à la base de données réussie.
2023-10-22 14:41:26,152 - general_logger - INFO - Connexion à la base de données réussie.
2023-10-22 14:41:39,868 - general_logger - INFO - Connexion à la base de données réussie.
2023-10-22 14:43:08,733 - general_logger - INFO - Connexion à la base de données réussie.
2023-10-22 14:43:23,260 - general_logger - INFO - Connexion à la base de données réussie.
2023-10-22 14:44:40,773 - general_logger - INFO - Connexion à la base de données réussie.
2023-10-22 14:51:51,421 - general_logger - INFO - Connexion à la base de données réussie.
2023-10-22 14:54:54,940 - general_logger - INFO - Connexion à la base de données réussie.
2023-10-22 14:55:36,471 - general_logger - INFO - Connexion à la base de données réussie.
2023-10-22 14:56:49,778 - general_logger - INFO - Connexion à la base de données réussie.
2023-10-22 14:57:06,726 - general_logger - INFO - Connexion à la base de données réussie.
2023-10-22 14:59:06,760 - general_logger - INFO - Connexion à la base de données réussie.
2023-10-22 15:00:30,071 - general_logger - INFO - Connexion à la base de données réussie.
2023-10-22 15:01:13,347 - general_logger - INFO - Connexion à la base de données réussie.
2023-10-22 15:01:23,595 - general_logger - INFO - Ajout d'une nouvelle tâche : test
2023-10-22 15:01:44,195 - general_logger - INFO - Tentative d'ajout d'une tâche existante : test
2023-10-22 15:01:59,425 - general_logger - INFO - Ajout d'une nouvelle tâche : test45
2023-10-22 15:02:07,445 - general_logger - INFO - Complétion d'une tâche : test45
2023-10-22 15:02:35,402 - general_logger - INFO - Suppression d'une tâche : test45
2023-10-22 15:02:43,544 - general_logger - INFO - Tentative de complétion d'une tâche inexistante : test45
2023-10-22 15:02:55,767 - general_logger - INFO - Tentative de complétion d'une tâche inexistante : test45
2023-10-22 15:02:56,518 - general_logger - INFO - Tentative de complétion d'une tâche inexistante : test45
2023-10-22 15:03:07,701 - general_logger - INFO - Complétion d'une tâche : test
2023-10-22 15:03:19,096 - general_logger - INFO - Tentative de complétion d'une tâche inexistante : test455
2023-10-22 15:06:27,325 - general_logger - INFO - Connexion à la base de données réussie.
2023-10-22 15:07:00,281 - general_logger - INFO - Connexion à la base de données réussie.
2023-10-22 15:08:13,379 - general_logger - INFO - Connexion à la base de données réussie.
2023-10-22 15:15:27,620 - general_logger - INFO - Connexion à la base de données réussie.
2023-10-22 15:17:02,266 - general_logger - INFO - Connexion à la base de données réussie.
2023-10-22 15:17:24,664 - general_logger - INFO - Ajout d'une nouvelle tâche : guillaume
2023-10-22 15:17:34,565 - general_logger - INFO - Complétion d'une tâche : guillaume
2023-10-22 15:17:53,163 - general_logger - INFO - Ajout d'une nouvelle tâche : nouveau cas
2023-10-22 15:18:04,675 - general_logger - INFO - Tentative de suppression d'une tâche inexistante : nouveau cas456
2023-10-22 15:18:11,502 - general_logger - INFO - Suppression d'une tâche : nouveau cas
2023-10-22 15:18:20,833 - general_logger - INFO - Ajout d'une nouvelle tâche : nouveau cas
2023-10-22 15:19:07,665 - general_logger - INFO - Connexion à la base de données réussie.
2023-10-22 15:19:38,032 - general_logger - INFO - Update de la tâche test avec nouveau nom nouveau nom e
2023-10-22 15:19:52,100 - general_logger - INFO - Tentative de modification d'une tache inexistante : test
2023-10-22 15:20:00,226 - general_logger - INFO - Update de la tâche nouveau nom avec nouveau nom nouveau nom encore e
2023-10-22 15:20:00,239 - general_logger - INFO - Update de la tâche nouveau nom avec nouvelle description ceci est la description e
2023-10-22 15:20:26,351 - general_logger - INFO - Update de la tâche guillaume avec nouveau nom guillaume encore e
2023-10-22 15:20:26,363 - general_logger - INFO - Update de la tâche guillaume avec nouvelle description ceci est la description e
2023-10-22 15:23:54,094 - general_logger - INFO - Ajout d'une nouvelle tâche : guillaume"'"'
2023-10-22 15:26:08,794 - general_logger - INFO - Connexion à la base de données réussie.
2023-10-22 15:26:49,338 - general_logger - INFO - Connexion à la base de données réussie.
2023-10-22 15:27:10,798 - general_logger - INFO - Ajout d'une nouvelle tâche : ceci est encore un test
2023-10-22 15:27:17,687 - general_logger - INFO - Complétion d'une tâche : ceci est encore un test
2023-10-22 15:27:44,716 - general_logger - INFO - Update de la tâche ceci est encore un test avec nouveau nom ceci est encore un test x2 e
2023-10-22 15:27:44,729 - general_logger - INFO - Update de la tâche ceci est encore un test avec nouvelle description Et sa description e
2023-10-22 15:30:08,107 - general_logger - INFO - Connexion à la base de données réussie.
2023-10-22 15:31:45,177 - general_logger - INFO - Ajout d'une nouvelle tâche : chouquette
2023-10-22 15:32:05,841 - general_logger - INFO - Suppression d'une tâche : chouquette
2023-10-22 15:32:43,801 - general_logger - INFO - Update de la tâche Faire les courses avec nouveau nom Refaire les courses e
2023-10-22 15:34:04,340 - general_logger - INFO - Connexion à la base de données réussie.
2023-10-22 15:34:04,348 - general_logger - INFO - Ajout d'une nouvelle tâche : Manger des pâtes
2023-10-22 15:34:04,365 - general_logger - INFO - Affichage d'une liste de tâches non terminées.
2023-10-22 15:34:04,379 - general_logger - INFO - Complétion d'une tâche : Manger des pâtes
2023-10-22 15:34:04,402 - general_logger - INFO - Update de la tâche Manger des pâtes avec nouvelle description carbonara en fait e
2023-10-22 15:34:04,416 - general_logger - INFO - Affichage d'une liste de tâches complétées.
2023-10-22 15:34:04,430 - general_logger - INFO - Suppression d'une tâche : Manger des pâtes
2023-10-22 15:34:04,445 - general_logger - INFO - Affichage d'une liste de tâches.
2023-10-22 15:34:04,459 - general_logger - INFO - Tentative d'ajout d'une tâche existante : Bonjour liste 2
2023-10-22 15:34:04,460 - general_logger - INFO - Affichage d'une liste de tâches.
2023-10-22 15:35:23,493 - general_logger - INFO - Connexion à la base de données réussie.
2023-10-22 15:39:08,442 - general_logger - INFO - Connexion à la base de données réussie.
2023-10-22 15:39:52,449 - general_logger - INFO - Ajout d'une nouvelle tâche : ceci est une nouvelle tâche
2023-10-22 15:40:05,365 - general_logger - INFO - Complétion d'une tâche : ceci est une nouvelle tâche
2023-10-22 15:40:16,849 - general_logger - INFO - Suppression d'une tâche : ceci est une nouvelle tâche
2023-10-22 15:40:35,868 - general_logger - INFO - Tentative de modification d'une tache inexistante : ceci est une nouvelle tâche
2023-10-22 15:40:45,029 - general_logger - INFO - Ajout d'une nouvelle tâche : ceci est une nouvelle tâche
2023-10-22 15:40:57,236 - general_logger - INFO - Update de la tâche ceci est une nouvelle tâche avec nouveau nom ceci est une nouvelle nouvelle tâche e
2023-10-22 15:41:17,789 - general_logger - INFO - Update de la tâche ceci est une nouvelle nouvelle tâche avec nouvelle description ceci est une nouvelle description e
2023-10-22 15:41:40,794 - general_logger - INFO - Update de la tâche ceci est une nouvelle nouvelle tâche avec nouveau nom ceci e
2023-10-22 15:41:40,807 - general_logger - INFO - Update de la tâche ceci est une nouvelle nouvelle tâche avec nouvelle description description e
2023-10-22 15:42:20,108 - general_logger - INFO - Update de la tâche ceci avec nouvelle description description e
2023-10-22 15:42:38,634 - general_logger - INFO - Update de la tâche ceci avec nouveau nom cecicc e
2023-10-22 15:42:38,649 - general_logger - INFO - Update de la tâche ceci avec nouvelle description descriptionnn e
2023-10-22 15:42:49,025 - general_logger - INFO - Update de la tâche cecicc avec nouvelle description descriptionnn e
2023-10-22 15:44:24,524 - general_logger - INFO - Connexion à la base de données réussie.
2023-10-22 15:44:24,531 - general_logger - INFO - Ajout d'une nouvelle tâche : Manger des pâtes
2023-10-22 15:44:24,545 - general_logger - INFO - Affichage d'une liste de tâches non terminées.
2023-10-22 15:44:24,559 - general_logger - INFO - Complétion d'une tâche : Manger des pâtes
2023-10-22 15:44:24,581 - general_logger - INFO - Update de la tâche Manger des pâtes avec nouveau nom manger des spaghettis e
2023-10-22 15:44:24,595 - general_logger - INFO - Update de la tâche Manger des pâtes avec nouvelle description carbonara en fait e
2023-10-22 15:44:24,601 - general_logger - INFO - Affichage d'une liste de tâches complétées.
2023-10-22 15:44:24,617 - general_logger - INFO - Tentative de suppression d'une tâche inexistante : Manger des pâtes
2023-10-22 15:44:46,592 - general_logger - INFO - Connexion à la base de données réussie.
2023-10-22 15:44:46,598 - general_logger - INFO - Ajout d'une nouvelle tâche : Manger des pâtes
2023-10-22 15:44:46,613 - general_logger - INFO - Affichage d'une liste de tâches non terminées.
2023-10-22 15:44:46,628 - general_logger - INFO - Complétion d'une tâche : Manger des pâtes
2023-10-22 15:44:46,647 - general_logger - INFO - Update de la tâche Manger des pâtes avec nouvelle description carbonara en fait e
2023-10-22 15:44:46,659 - general_logger - INFO - Affichage d'une liste de tâches complétées.
2023-10-22 15:44:46,672 - general_logger - INFO - Suppression d'une tâche : Manger des pâtes
2023-10-22 15:44:46,683 - general_logger - INFO - Affichage d'une liste de tâches.
2023-10-22 15:44:46,697 - general_logger - INFO - Tentative d'ajout d'une tâche existante : Bonjour liste 2
2023-10-22 15:44:46,697 - general_logger - INFO - Affichage d'une liste de tâches.
2023-10-22 15:45:19,261 - general_logger - INFO - Connexion à la base de données réussie.
2023-10-22 15:45:19,268 - general_logger - INFO - Ajout d'une nouvelle tâche : Manger des pâtes
2023-10-22 15:45:19,279 - general_logger - INFO - Affichage d'une liste de tâches non terminées.
2023-10-22 15:45:19,292 - general_logger - INFO - Complétion d'une tâche : Manger des pâtes
2023-10-22 15:45:19,309 - general_logger - INFO - Update de la tâche Manger des pâtes avec nouveau nom manger des spaghettis e
2023-10-22 15:45:19,322 - general_logger - INFO - Update de la tâche Manger des pâtes avec nouvelle description carbonara en fait e
2023-10-22 15:45:19,330 - general_logger - INFO - Affichage d'une liste de tâches complétées.
2023-10-22 15:45:19,344 - general_logger - INFO - Tentative de suppression d'une tâche inexistante : Manger des pâtes
2023-10-22 15:46:07,479 - general_logger - INFO - Connexion à la base de données réussie.
2023-10-22 15:46:07,486 - general_logger - INFO - Ajout d'une nouvelle tâche : Manger des pâtes
2023-10-22 15:46:07,497 - general_logger - INFO - Affichage d'une liste de tâches non terminées.
2023-10-22 15:46:07,510 - general_logger - INFO - Complétion d'une tâche : Manger des pâtes
2023-10-22 15:46:07,529 - general_logger - INFO - Update de la tâche Manger des pâtes avec nouveau nom manger des spaghettis e
2023-10-22 15:46:07,542 - general_logger - INFO - Update de la tâche Manger des pâtes avec nouvelle description carbonara en fait e
2023-10-22 15:46:07,549 - general_logger - INFO - Affichage d'une liste de tâches complétées.
2023-10-22 15:46:07,557 - general_logger - INFO - Affichage d'une liste de tâches.
2023-10-22 15:46:07,569 - general_logger - INFO - Tentative d'ajout d'une tâche existante : Bonjour liste 2
2023-10-22 15:46:07,569 - general_logger - INFO - Affichage d'une liste de tâches.
2023-10-22 15:47:01,373 - general_logger - INFO - Connexion à la base de données réussie.
2023-10-22 15:47:01,381 - general_logger - INFO - Ajout d'une nouvelle tâche : Manger des pâtes
2023-10-22 15:47:01,396 - general_logger - INFO - Affichage d'une liste de tâches non terminées.
2023-10-22 15:47:01,410 - general_logger - INFO - Complétion d'une tâche : Manger des pâtes
2023-10-22 15:47:01,428 - general_logger - INFO - Update de la tâche Manger des pâtes avec nouvelle description carbonara en fait e
2023-10-22 15:47:01,439 - general_logger - INFO - Affichage d'une liste de tâches complétées.
2023-10-22 15:47:01,453 - general_logger - INFO - Suppression d'une tâche : Manger des pâtes
2023-10-22 15:47:01,467 - general_logger - INFO - Affichage d'une liste de tâches.
2023-10-22 15:47:01,480 - general_logger - INFO - Tentative d'ajout d'une tâche existante : Bonjour liste 2
2023-10-22 15:47:01,480 - general_logger - INFO - Affichage d'une liste de tâches.
